<?xml version="1.0" encoding="UTF-8"?>
<!-- Generated by org.testng.reporters.JUnitXMLReporter -->
<testsuite ignored="0" hostname="DESKTOP-75RJOTB" failures="0" tests="4" name="Test" time="0.039" errors="0" timestamp="2022-08-02T09:53:28 EDT">
  <testcase classname="qaclickacademy.AppiumTest" name="IOSapps" time="0.004"/>
  <testcase classname="qaclickacademy.AppiumTest" name="NativeAppAndroid" time="0.0"/>
  <testcase classname="qaclickacademy.SeleniumTest" name="BrowserAutomation" time="0.0"/>
  <testcase classname="qaclickacademy.SeleniumTest" name="ElementsUI" time="0.001"/>
</testsuite> <!-- Test -->
