<?xml version="1.0" encoding="UTF-8"?>
<testng-results ignored="0" total="4" passed="4" failed="0" skipped="0">
  <reporter-output>
  </reporter-output>
  <suite started-at="2022-08-02T09:53:28 EDT" name="Suite" finished-at="2022-08-02T09:53:28 EDT" duration-ms="39">
    <groups>
    </groups>
    <test started-at="2022-08-02T09:53:28 EDT" name="Test" finished-at="2022-08-02T09:53:28 EDT" duration-ms="39">
      <class name="qaclickacademy.AppiumTest">
        <test-method signature="IOSapps()[pri:0, instance:qaclickacademy.AppiumTest@41fbdac4]" started-at="2022-08-02T09:53:28 EDT" name="IOSapps" finished-at="2022-08-02T09:53:28 EDT" duration-ms="4" status="PASS">
          <reporter-output>
          </reporter-output>
        </test-method> <!-- IOSapps -->
        <test-method signature="NativeAppAndroid()[pri:0, instance:qaclickacademy.AppiumTest@41fbdac4]" started-at="2022-08-02T09:53:28 EDT" name="NativeAppAndroid" finished-at="2022-08-02T09:53:28 EDT" duration-ms="0" status="PASS">
          <reporter-output>
          </reporter-output>
        </test-method> <!-- NativeAppAndroid -->
      </class> <!-- qaclickacademy.AppiumTest -->
      <class name="qaclickacademy.SeleniumTest">
        <test-method signature="BrowserAutomation()[pri:0, instance:qaclickacademy.SeleniumTest@243c4f91]" started-at="2022-08-02T09:53:28 EDT" name="BrowserAutomation" finished-at="2022-08-02T09:53:28 EDT" duration-ms="0" status="PASS">
          <reporter-output>
          </reporter-output>
        </test-method> <!-- BrowserAutomation -->
        <test-method signature="ElementsUI()[pri:0, instance:qaclickacademy.SeleniumTest@243c4f91]" started-at="2022-08-02T09:53:28 EDT" name="ElementsUI" finished-at="2022-08-02T09:53:28 EDT" duration-ms="1" status="PASS">
          <reporter-output>
          </reporter-output>
        </test-method> <!-- ElementsUI -->
      </class> <!-- qaclickacademy.SeleniumTest -->
    </test> <!-- Test -->
  </suite> <!-- Suite -->
</testng-results>
